Build started 11/6/2011 7:34:38 PM.
     1>Project "E:\Dropbox\Work2011\GatewayApp\etc\FTDI\sources\VCP_EX\VCP_EX\VCP_EX.vcxproj" on node 2 (build target(s)).
     1>InitializeBuildStatus:
         Touching "Release\VCP_EX.unsuccessfulbuild".
       ClCompile:
         All outputs are up-to-date.
         C:\Program Files (x86)\Microsoft Visual Studio 10.0\VC\bin\CL.exe /c /Zi /nologo /W3 /WX- /O2 /Oi /Oy- /GL /D WIN32 /D NDEBUG /D _CONSOLE /D _UNICODE /D UNICODE /Gm- /EHsc /MD /GS /Gy /fp:precise /Zc:wchar_t /Zc:forScope /Yu"StdAfx.h" /Fp"Release\VCP_EX.pch" /Fo"Release\\" /Fd"Release\vc100.pdb" /Gd /TP /analyze- /errorReport:prompt VCP_EX.cpp
         VCP_EX.cpp
     1>VCP_EX.cpp(93): error C2664: 'FT_W32_CreateFile' : cannot convert parameter 1 from 'char [64]' to 'LPCTSTR'
                 Types pointed to are unrelated; conversion requires reinterpret_cast, C-style cast or function-style cast
     1>Done Building Project "E:\Dropbox\Work2011\GatewayApp\etc\FTDI\sources\VCP_EX\VCP_EX\VCP_EX.vcxproj" (build target(s)) -- FAILED.

Build FAILED.

Time Elapsed 00:00:00.76
